{"name": "Test CRUD Operation", "status": "failed", "statusDetails": {"message": "AssertionError: Failed Status Code Matched", "trace": "self = <src.tests.crud.test_crud.TestCrud object at 0x00000249319D1C40>, create_token = '08a17b3a42a9589', get_booking_id = 1661\n\n    @allure.title(\"Test CRUD Operation\")\n    def test_update_booking_id(self, create_token, get_booking_id):\n    \n        put_url = APIConstants.url_patch_put_del(booking_id=get_booking_id)\n    \n        response = put_request(\n            url=put_url,\n            headers=Utils().common_headers_put_patch_delete_cookie(token=create_token),\n            payload=payload_update_booking(),\n            auth=None,\n            in_json=False\n        )\n>       verify_http_status_code(response_data=response, expected_data=200)\n\nsrc\\tests\\crud\\test_crud.py:32: \n_ _ _ _ _ _ _ _ _ _ _ _ _ _ _ _ _ _ _ _ _ _ _ _ _ _ _ _ _ _ _ _ _ _ _ _ _ _ _ _ _ _ _ _ _ _ _ _ _ _ _ _ _ _ _ _ _ _ _ _ _ _ _ _ _ _ _ _ _ _ _ _ _ _ _ _ _ _ _ _ _ _ _ _ _ _ _ _ _ _\n\nresponse_data = <Response [404]>, expected_data = 200\n\n    def verify_http_status_code(response_data, expected_data):\n>       assert response_data.status_code == expected_data,\"Failed Status Code Matched\"\nE       AssertionError: Failed Status Code Matched\n\nsrc\\helpers\\common_verifications.py:4: AssertionError"}, "start": 1730618662738, "stop": 1730618663815, "uuid": "ebf5abd1-b06a-4d2d-a953-9b2f5ba545d1", "historyId": "09fa1bc8a9a8899b745cef75496d3dea", "testCaseId": "09fa1bc8a9a8899b745cef75496d3dea", "fullName": "src.tests.crud.test_crud.TestCrud#test_update_booking_id", "labels": [{"name": "parentSuite", "value": "src.tests.crud"}, {"name": "suite", "value": "test_crud"}, {"name": "subSuite", "value": "TestCrud"}, {"name": "host", "value": "LAPTOP-NLSDEBD6"}, {"name": "thread", "value": "2932-MainThread"}, {"name": "framework", "value": "pytest"}, {"name": "language", "value": "cpython3"}, {"name": "package", "value": "src.tests.crud.test_crud"}]}