{"name": "Verify the negative test case", "status": "failed", "statusDetails": {"message": "AssertionError: Failed Status Code Matched", "trace": "self = <src.tests.crud.test_createbooking.TestCreateBookingAPI object at 0x00000229A38F8BF0>\n\n    @allure.title(\"Verify the negative test case\")\n    def test_create_booking_negative(self):\n        response = post_request(\n            url=APIConstants().url_create_booking(),\n            auth=None,\n            payload={},\n            in_json=False,\n            headers=Utils().common_headers()\n        )\n>       verify_http_status_code(response_data=response, expected_data=400)\n\nsrc\\tests\\crud\\test_createbooking.py:37: \n_ _ _ _ _ _ _ _ _ _ _ _ _ _ _ _ _ _ _ _ _ _ _ _ _ _ _ _ _ _ _ _ _ _ _ _ _ _ _ _ _ _ _ _ _ _ _ _ _ _ _ _ _ _ _ _ _ _ _ _ _ _ _ _ _ _ _ _ _ _ _ _ _ _ _ _ _ _ _ _ _ _ _ _ _ _ _ _ _ _\n\nresponse_data = <Response [500]>, expected_data = 400\n\n    def verify_http_status_code(response_data, expected_data):\n>       assert response_data.status_code == expected_data,\"Failed Status Code Matched\"\nE       AssertionError: Failed Status Code Matched\n\nsrc\\helpers\\common_verifications.py:4: AssertionError"}, "start": 1730035627046, "stop": 1730035628171, "uuid": "ba22d28d-7a7b-4d7c-98c9-4637d2544a58", "historyId": "6c26e43d9665cb0a1a1be76f1f01aaee", "testCaseId": "6c26e43d9665cb0a1a1be76f1f01aaee", "fullName": "src.tests.crud.test_createbooking.TestCreateBookingAPI#test_create_booking_negative", "labels": [{"name": "parentSuite", "value": "src.tests.crud"}, {"name": "suite", "value": "test_createbooking"}, {"name": "subSuite", "value": "TestCreateBookingAPI"}, {"name": "host", "value": "LAPTOP-NLSDEBD6"}, {"name": "thread", "value": "9512-MainThread"}, {"name": "framework", "value": "pytest"}, {"name": "language", "value": "cpython3"}, {"name": "package", "value": "src.tests.crud.test_createbooking"}]}